<?xml version="1.0"?>
<testsuite name="PhantomJS 2.1.1 (Mac OS X 0.0.0)" package="" timestamp="2019-02-19T14:17:13" id="0" hostname="MacRenaud.local" tests="3" errors="0" failures="0" time="0.251">
  <properties>
    <property name="browser.fullName" value="Mozilla/5.0 (Macintosh; Intel Mac OS X) AppleWebKit/538.1 (KHTML, like Gecko) PhantomJS/2.1.1 Safari/538.1"/>
  </properties>
  <testcase name="AppComponent should create the app" time="0.145" classname="PhantomJS_2_1_1_(Mac_OS_X_0_0_0).AppComponent"/>
  <testcase name="AppComponent should have as title 'electronProject'" time="0.056" classname="PhantomJS_2_1_1_(Mac_OS_X_0_0_0).AppComponent"/>
  <testcase name="AppComponent should render title in a h1 tag" time="0.05" classname="PhantomJS_2_1_1_(Mac_OS_X_0_0_0).AppComponent"/>
  <system-out>
    <![CDATA[
]]>
  </system-out>
  <system-err/>
</testsuite>